<?xml version="1.0" encoding="UTF-8"?>
<testng-results ignored="0" total="1" passed="1" failed="0" skipped="0">
  <reporter-output>
  </reporter-output>
  <suite started-at="2022-05-25T15:57:09 IST" name="Default suite" finished-at="2022-05-25T15:57:16 IST" duration-ms="7109">
    <groups>
    </groups>
    <test started-at="2022-05-25T15:57:09 IST" name="Default test" finished-at="2022-05-25T15:57:16 IST" duration-ms="7109">
      <class name="com.qautomation.testcase.GoogleTest">
        <test-method signature="googleTest(java.util.Map)[pri:0, instance:com.qautomation.testcase.GoogleTest@5ffead27]" started-at="2022-05-25T15:57:10 IST" name="googleTest" description="Google Test" data-provider="SearchThrid" finished-at="2022-05-25T15:57:15 IST" duration-ms="4875" status="PASS">
          <params>
            <param index="0">
              <value>
                <![CDATA[{Value=hello}]]>
              </value>
            </param>
          </params>
          <reporter-output>
          </reporter-output>
        </test-method> <!-- googleTest -->
      </class> <!-- com.qautomation.testcase.GoogleTest -->
    </test> <!-- Default test -->
  </suite> <!-- Default suite -->
</testng-results>
